<?xml version="1.0" encoding="UTF-8" ?>
<testsuite tests="1" failures="0" name="com.gupao.vip.mic.dubbo.user.AppTest" time="0.002" errors="0" skipped="0">
  <properties>
    <property name="idea.version" value="2017.2.6"/>
    <property name="java.runtime.name" value="Java(TM) SE Runtime Environment"/>
    <property name="sun.boot.library.path" value="C:\E_develope\java\jdk1.8\jre\bin"/>
    <property name="java.vm.version" value="25.152-b16"/>
    <property name="java.vm.vendor" value="Oracle Corporation"/>
    <property name="maven.multiModuleProjectDirectory" value="F:\idea_workspace\idea7\dubbo-user"/>
    <property name="java.vendor.url" value="http://java.oracle.com/"/>
    <property name="path.separator" value=";"/>
    <property name="guice.disable.misplaced.annotation.check" value="true"/>
    <property name="java.vm.name" value="Java HotSpot(TM) 64-Bit Server VM"/>
    <property name="file.encoding.pkg" value="sun.io"/>
    <property name="idea.launcher.port" value="56131"/>
    <property name="user.script" value=""/>
    <property name="user.country" value="CN"/>
    <property name="sun.java.launcher" value="SUN_STANDARD"/>
    <property name="sun.os.patch.level" value="Service Pack 1"/>
    <property name="java.vm.specification.name" value="Java Virtual Machine Specification"/>
    <property name="user.dir" value="F:\idea_workspace\idea7\dubbo-user"/>
    <property name="java.runtime.version" value="1.8.0_152-b16"/>
    <property name="java.awt.graphicsenv" value="sun.awt.Win32GraphicsEnvironment"/>
    <property name="java.endorsed.dirs" value="C:\E_develope\java\jdk1.8\jre\lib\endorsed"/>
    <property name="os.arch" value="amd64"/>
    <property name="java.io.tmpdir" value="C:\Users\win\AppData\Local\Temp\"/>
    <property name="line.separator" value="
"/>
    <property name="java.vm.specification.vendor" value="Oracle Corporation"/>
    <property name="user.variant" value=""/>
    <property name="os.name" value="Windows 7"/>
    <property name="archetypeCatalog" value="internal"/>
    <property name="classworlds.conf" value="C:\E_develope\java\apache-maven-3.5.2\bin\m2.conf"/>
    <property name="sun.jnu.encoding" value="GBK"/>
    <property name="java.library.path" value="C:\E_develope\java\jdk1.8\bin;C:\Windows\Sun\Java\bin;C:\Windows\system32;C:\Windows;C:\ProgramData\Oracle\Java\javapath;C:\Program Files\Microsoft MPI\Bin\;C:\Windows\system32;C:\Windows;C:\Windows\System32\Wbem;C:\Windows\System32\WindowsPowerShell\v1.0\;C:\Program Files (x86)\NVIDIA Corporation\PhysX\Common;%JAVA_HOME%\bin;%JAVA_HOME%\jre\bin;C:\E_develope\java\mysql-5.6.38-winx64\bin;C:\E_develope\all_python\python3.4.2;C:\E_develope\all_python\python3.4.2\Lib\site-packages\Django-2.0-py3.4.egg\django;C:\E_develope\all_python\python3.4.2\Scripts;C:\Program Files\dotnet\;C:\Program Files\Microsoft SQL Server\130\Tools\Binn\;C:\E_develope\all_python\Anaconda3;C:\E_develope\all_python\Anaconda3\Scripts;C:\E_develope\all_python\Anaconda3\Library\bin;C:\Program Files (x86)\Google\Chrome\Application;C:\E_develope\git4win64\Git\cmd;C:\E_develope\nodejs;C:\E_develope\java\apache-maven-3.5.2\bin;C:\E_develope\git4win64\Git\cmd;E:\TortoiseGit\bin;C:\Users\win\AppData\Roaming\npm;."/>
    <property name="maven.conf" value="C:\E_develope\java\apache-maven-3.5.2/conf"/>
    <property name="java.specification.name" value="Java Platform API Specification"/>
    <property name="java.class.version" value="52.0"/>
    <property name="sun.management.compiler" value="HotSpot 64-Bit Tiered Compilers"/>
    <property name="maven.repo.local" value="C:\E_develope\java\apache-maven-3.5.2\maven-repository"/>
    <property name="os.version" value="6.1"/>
    <property name="user.home" value="C:\Users\win"/>
    <property name="user.timezone" value="Asia/Shanghai"/>
    <property name="java.awt.printerjob" value="sun.awt.windows.WPrinterJob"/>
    <property name="java.specification.version" value="1.8"/>
    <property name="idea.launcher.bin.path" value="C:\E_develope\java\IntelliJ_IDEA\IntelliJ IDEA 2017.2.6\bin"/>
    <property name="file.encoding" value="UTF-8"/>
    <property name="user.name" value="win"/>
    <property name="java.class.path" value="C:\E_develope\java\apache-maven-3.5.2\boot\plexus-classworlds-2.5.2.jar;C:\E_develope\java\IntelliJ_IDEA\IntelliJ IDEA 2017.2.6\lib\idea_rt.jar"/>
    <property name="java.vm.specification.version" value="1.8"/>
    <property name="sun.arch.data.model" value="64"/>
    <property name="java.home" value="C:\E_develope\java\jdk1.8\jre"/>
    <property name="sun.java.command" value="com.intellij.rt.execution.application.AppMainV2 org.codehaus.classworlds.Launcher -Didea.version=2017.2.6 -s C:\E_develope\java\apache-maven-3.5.2\maven-repository\settings.xml -Dmaven.repo.local=C:\E_develope\java\apache-maven-3.5.2\maven-repository install"/>
    <property name="java.specification.vendor" value="Oracle Corporation"/>
    <property name="user.language" value="zh"/>
    <property name="awt.toolkit" value="sun.awt.windows.WToolkit"/>
    <property name="java.vm.info" value="mixed mode"/>
    <property name="java.version" value="1.8.0_152"/>
    <property name="java.ext.dirs" value="C:\E_develope\java\jdk1.8\jre\lib\ext;C:\Windows\Sun\Java\lib\ext"/>
    <property name="sun.boot.class.path" value="C:\E_develope\java\jdk1.8\jre\lib\resources.jar;C:\E_develope\java\jdk1.8\jre\lib\rt.jar;C:\E_develope\java\jdk1.8\jre\lib\sunrsasign.jar;C:\E_develope\java\jdk1.8\jre\lib\jsse.jar;C:\E_develope\java\jdk1.8\jre\lib\jce.jar;C:\E_develope\java\jdk1.8\jre\lib\charsets.jar;C:\E_develope\java\jdk1.8\jre\lib\jfr.jar;C:\E_develope\java\jdk1.8\jre\classes"/>
    <property name="java.vendor" value="Oracle Corporation"/>
    <property name="maven.home" value="C:\E_develope\java\apache-maven-3.5.2"/>
    <property name="file.separator" value="\"/>
    <property name="java.vendor.url.bug" value="http://bugreport.sun.com/bugreport/"/>
    <property name="sun.cpu.endian" value="little"/>
    <property name="sun.io.unicode.encoding" value="UnicodeLittle"/>
    <property name="sun.desktop" value="windows"/>
    <property name="sun.cpu.isalist" value="amd64"/>
  </properties>
  <testcase classname="com.gupao.vip.mic.dubbo.user.AppTest" name="testApp" time="0.002"/>
</testsuite>